2018-07-29 18:06:29.817  INFO 21080 --- [main] c.i.springboot.SpringBootRestApiApp      : Starting SpringBootRestApiApp v1.0.0 on DESKTOP-EABEOQ1 with PID 21080 (C:\Users\bla1r\Desktop\IKnowHowRest\SpringBootRestApiExample\target\SpringBootRestApiExample-1.0.0.jar started by bla1r in C:\Users\bla1r\Desktop\IKnowHowRest\SpringBootRestApiExample\target)
2018-07-29 18:06:29.821  INFO 21080 --- [main] c.i.springboot.SpringBootRestApiApp      : No active profile set, falling back to default profiles: default
2018-07-29 18:06:29.872  INFO 21080 --- [main] ationConfigEmbeddedWebApplicationContext : Refreshing org.springframework.boot.context.embedded.AnnotationConfigEmbeddedWebApplicationContext@ba8a1dc: startup date [Sun Jul 29 18:06:29 EEST 2018]; root of context hierarchy
2018-07-29 18:06:31.233  INFO 21080 --- [main] trationDelegate$BeanPostProcessorChecker : Bean 'org.springframework.transaction.annotation.ProxyTransactionManagementConfiguration' of type [org.springframework.transaction.annotation.ProxyTransactionManagementConfiguration$$EnhancerBySpringCGLIB$$bf57b3ba] is not eligible for getting processed by all BeanPostProcessors (for example: not eligible for auto-proxying)
2018-07-29 18:06:31.792  INFO 21080 --- [main] s.b.c.e.t.TomcatEmbeddedServletContainer : Tomcat initialized with port(s): 8080 (http)
2018-07-29 18:06:31.805  INFO 21080 --- [main] o.apache.catalina.core.StandardService   : Starting service [Tomcat]
2018-07-29 18:06:31.806  INFO 21080 --- [main] org.apache.catalina.core.StandardEngine  : Starting Servlet Engine: Apache Tomcat/8.5.23
2018-07-29 18:06:31.945  INFO 21080 --- [localhost-startStop-1] o.a.c.c.C.[.[.[/SpringBootRestApi]       : Initializing Spring embedded WebApplicationContext
2018-07-29 18:06:31.946  INFO 21080 --- [localhost-startStop-1] o.s.web.context.ContextLoader            : Root WebApplicationContext: initialization completed in 2076 ms
2018-07-29 18:06:32.197  INFO 21080 --- [localhost-startStop-1] o.s.b.w.servlet.ServletRegistrationBean  : Mapping servlet: 'dispatcherServlet' to [/]
2018-07-29 18:06:32.199  INFO 21080 --- [localhost-startStop-1] o.s.b.w.servlet.ServletRegistrationBean  : Mapping servlet: 'webServlet' to [/h2-console/*]
2018-07-29 18:06:32.201  INFO 21080 --- [localhost-startStop-1] o.s.b.w.servlet.FilterRegistrationBean   : Mapping filter: 'characterEncodingFilter' to: [/*]
2018-07-29 18:06:32.202  INFO 21080 --- [localhost-startStop-1] o.s.b.w.servlet.FilterRegistrationBean   : Mapping filter: 'hiddenHttpMethodFilter' to: [/*]
2018-07-29 18:06:32.203  INFO 21080 --- [localhost-startStop-1] o.s.b.w.servlet.FilterRegistrationBean   : Mapping filter: 'httpPutFormContentFilter' to: [/*]
2018-07-29 18:06:32.203  INFO 21080 --- [localhost-startStop-1] o.s.b.w.servlet.FilterRegistrationBean   : Mapping filter: 'requestContextFilter' to: [/*]
2018-07-29 18:06:32.622  INFO 21080 --- [main] o.s.jdbc.datasource.init.ScriptUtils     : Executing SQL script from URL [jar:file:/C:/Users/bla1r/Desktop/IKnowHowRest/SpringBootRestApiExample/target/SpringBootRestApiExample-1.0.0.jar!/BOOT-INF/classes!/schema.sql]
2018-07-29 18:06:32.636  INFO 21080 --- [main] o.s.jdbc.datasource.init.ScriptUtils     : Executed SQL script from URL [jar:file:/C:/Users/bla1r/Desktop/IKnowHowRest/SpringBootRestApiExample/target/SpringBootRestApiExample-1.0.0.jar!/BOOT-INF/classes!/schema.sql] in 14 ms.
2018-07-29 18:06:32.640  INFO 21080 --- [main] o.s.jdbc.datasource.init.ScriptUtils     : Executing SQL script from URL [jar:file:/C:/Users/bla1r/Desktop/IKnowHowRest/SpringBootRestApiExample/target/SpringBootRestApiExample-1.0.0.jar!/BOOT-INF/classes!/data.sql]
2018-07-29 18:06:32.643  INFO 21080 --- [main] o.s.jdbc.datasource.init.ScriptUtils     : Executed SQL script from URL [jar:file:/C:/Users/bla1r/Desktop/IKnowHowRest/SpringBootRestApiExample/target/SpringBootRestApiExample-1.0.0.jar!/BOOT-INF/classes!/data.sql] in 3 ms.
2018-07-29 18:06:33.159  INFO 21080 --- [main] s.w.s.m.m.a.RequestMappingHandlerMapping : Mapped "{[/api/user/],methods=[GET]}" onto public org.springframework.http.ResponseEntity<java.util.List<com.iknowhow.springboot.model.User>> com.iknowhow.springboot.controller.RestApiController.listAllUsers()
2018-07-29 18:06:33.162  INFO 21080 --- [main] s.w.s.m.m.a.RequestMappingHandlerMapping : Mapped "{[/api/user/],methods=[DELETE]}" onto public org.springframework.http.ResponseEntity<com.iknowhow.springboot.model.User> com.iknowhow.springboot.controller.RestApiController.deleteAllUsers()
2018-07-29 18:06:33.163  INFO 21080 --- [main] s.w.s.m.m.a.RequestMappingHandlerMapping : Mapped "{[/api/user/{id}],methods=[GET]}" onto public org.springframework.http.ResponseEntity<?> com.iknowhow.springboot.controller.RestApiController.getUser(long)
2018-07-29 18:06:33.164  INFO 21080 --- [main] s.w.s.m.m.a.RequestMappingHandlerMapping : Mapped "{[/api/user/{id}],methods=[PUT]}" onto public org.springframework.http.ResponseEntity<?> com.iknowhow.springboot.controller.RestApiController.updateUser(long,com.iknowhow.springboot.model.User)
2018-07-29 18:06:33.164  INFO 21080 --- [main] s.w.s.m.m.a.RequestMappingHandlerMapping : Mapped "{[/api/user/{id}],methods=[DELETE]}" onto public org.springframework.http.ResponseEntity<?> com.iknowhow.springboot.controller.RestApiController.deleteUser(long)
2018-07-29 18:06:33.165  INFO 21080 --- [main] s.w.s.m.m.a.RequestMappingHandlerMapping : Mapped "{[/api/user/],methods=[POST]}" onto public org.springframework.http.ResponseEntity<?> com.iknowhow.springboot.controller.RestApiController.createUser(com.iknowhow.springboot.model.User,org.springframework.web.util.UriComponentsBuilder)
2018-07-29 18:06:33.172  INFO 21080 --- [main] s.w.s.m.m.a.RequestMappingHandlerMapping : Mapped "{[/swagger-resources]}" onto public org.springframework.http.ResponseEntity<java.util.List<springfox.documentation.swagger.web.SwaggerResource>> springfox.documentation.swagger.web.ApiResourceController.swaggerResources()
2018-07-29 18:06:33.174  INFO 21080 --- [main] s.w.s.m.m.a.RequestMappingHandlerMapping : Mapped "{[/swagger-resources/configuration/ui]}" onto public org.springframework.http.ResponseEntity<springfox.documentation.swagger.web.UiConfiguration> springfox.documentation.swagger.web.ApiResourceController.uiConfiguration()
2018-07-29 18:06:33.175  INFO 21080 --- [main] s.w.s.m.m.a.RequestMappingHandlerMapping : Mapped "{[/swagger-resources/configuration/security]}" onto public org.springframework.http.ResponseEntity<springfox.documentation.swagger.web.SecurityConfiguration> springfox.documentation.swagger.web.ApiResourceController.securityConfiguration()
2018-07-29 18:06:33.179  INFO 21080 --- [main] s.w.s.m.m.a.RequestMappingHandlerMapping : Mapped "{[/error]}" onto public org.springframework.http.ResponseEntity<java.util.Map<java.lang.String, java.lang.Object>> org.springframework.boot.autoconfigure.web.BasicErrorController.error(javax.servlet.http.HttpServletRequest)
2018-07-29 18:06:33.180  INFO 21080 --- [main] s.w.s.m.m.a.RequestMappingHandlerMapping : Mapped "{[/error],produces=[text/html]}" onto public org.springframework.web.servlet.ModelAndView org.springframework.boot.autoconfigure.web.BasicErrorController.errorHtml(javax.servlet.http.HttpServletRequest,javax.servlet.http.HttpServletResponse)
2018-07-29 18:06:33.359  INFO 21080 --- [main] pertySourcedRequestMappingHandlerMapping : Mapped URL path [/v2/api-docs] onto method [public org.springframework.http.ResponseEntity<springfox.documentation.spring.web.json.Json> springfox.documentation.swagger2.web.Swagger2Controller.getDocumentation(java.lang.String,javax.servlet.http.HttpServletRequest)]
2018-07-29 18:06:33.658  INFO 21080 --- [main] s.w.s.m.m.a.RequestMappingHandlerAdapter : Looking for @ControllerAdvice: org.springframework.boot.context.embedded.AnnotationConfigEmbeddedWebApplicationContext@ba8a1dc: startup date [Sun Jul 29 18:06:29 EEST 2018]; root of context hierarchy
2018-07-29 18:06:33.726  INFO 21080 --- [main] o.s.w.s.handler.SimpleUrlHandlerMapping  : Mapped URL path [/webjars/**] onto handler of type [class org.springframework.web.servlet.resource.ResourceHttpRequestHandler]
2018-07-29 18:06:33.726  INFO 21080 --- [main] o.s.w.s.handler.SimpleUrlHandlerMapping  : Mapped URL path [/**] onto handler of type [class org.springframework.web.servlet.resource.ResourceHttpRequestHandler]
2018-07-29 18:06:33.743  INFO 21080 --- [main] .m.m.a.ExceptionHandlerExceptionResolver : Detected @ExceptionHandler methods in restExceptionHandler
2018-07-29 18:06:33.768  INFO 21080 --- [main] o.s.w.s.handler.SimpleUrlHandlerMapping  : Mapped URL path [/**/favicon.ico] onto handler of type [class org.springframework.web.servlet.resource.ResourceHttpRequestHandler]
2018-07-29 18:06:34.026  INFO 21080 --- [main] o.s.j.e.a.AnnotationMBeanExporter        : Registering beans for JMX exposure on startup
2018-07-29 18:06:34.035  INFO 21080 --- [main] o.s.c.support.DefaultLifecycleProcessor  : Starting beans in phase 2147483647
2018-07-29 18:06:34.036  INFO 21080 --- [main] d.s.w.p.DocumentationPluginsBootstrapper : Context refreshed
2018-07-29 18:06:34.070  INFO 21080 --- [main] d.s.w.p.DocumentationPluginsBootstrapper : Found 1 custom documentation plugin(s)
2018-07-29 18:06:34.112  INFO 21080 --- [main] s.d.s.w.s.ApiListingReferenceScanner     : Scanning for api listing references
2018-07-29 18:06:34.357  INFO 21080 --- [main] s.b.c.e.t.TomcatEmbeddedServletContainer : Tomcat started on port(s): 8080 (http)
2018-07-29 18:06:34.364  INFO 21080 --- [main] c.i.springboot.SpringBootRestApiApp      : Started SpringBootRestApiApp in 4.968 seconds (JVM running for 5.37)
2018-07-29 18:06:58.898  INFO 21080 --- [http-nio-8080-exec-2] o.a.c.c.C.[.[.[/SpringBootRestApi]       : Initializing Spring FrameworkServlet 'dispatcherServlet'
2018-07-29 18:06:58.899  INFO 21080 --- [http-nio-8080-exec-2] o.s.web.servlet.DispatcherServlet        : FrameworkServlet 'dispatcherServlet': initialization started
2018-07-29 18:06:58.921  INFO 21080 --- [http-nio-8080-exec-2] o.s.web.servlet.DispatcherServlet        : FrameworkServlet 'dispatcherServlet': initialization completed in 21 ms
2018-07-29 18:07:07.394  INFO 21080 --- [http-nio-8080-exec-2] c.i.s.controller.RestApiController       : Retrieved all users
2018-07-29 18:07:25.957  INFO 21080 --- [Thread-5] ationConfigEmbeddedWebApplicationContext : Closing org.springframework.boot.context.embedded.AnnotationConfigEmbeddedWebApplicationContext@ba8a1dc: startup date [Sun Jul 29 18:06:29 EEST 2018]; root of context hierarchy
2018-07-29 18:07:25.963  INFO 21080 --- [Thread-5] o.s.c.support.DefaultLifecycleProcessor  : Stopping beans in phase 2147483647
2018-07-29 18:07:25.968  INFO 21080 --- [Thread-5] o.s.j.e.a.AnnotationMBeanExporter        : Unregistering JMX-exposed beans on shutdown
